[0.964s] Invoking command in '/home/ryu/ros2_ws/src/mypkg': PYTHONPATH=/home/ryu/ros2_ws/src/mypkg/build/mypkg/prefix_override:/home/ryu/ros2_ws/src/mypkg/install/mypkg/lib/python3.8/site-packages:${PYTHONPATH} /usr/bin/python3 setup.py egg_info --egg-base build/mypkg build --build-base /home/ryu/ros2_ws/src/mypkg/build/mypkg/build install --record /home/ryu/ros2_ws/src/mypkg/build/mypkg/install.log --install-scripts $base/lib/mypkg --single-version-externally-managed
[1.180s] running egg_info
[1.181s] creating build/mypkg/mypkg.egg-info
[1.181s] writing build/mypkg/mypkg.egg-info/PKG-INFO
[1.181s] writing dependency_links to build/mypkg/mypkg.egg-info/dependency_links.txt
[1.181s] writing entry points to build/mypkg/mypkg.egg-info/entry_points.txt
[1.181s] writing requirements to build/mypkg/mypkg.egg-info/requires.txt
[1.182s] writing top-level names to build/mypkg/mypkg.egg-info/top_level.txt
[1.183s] writing manifest file 'build/mypkg/mypkg.egg-info/SOURCES.txt'
[1.213s] reading manifest file 'build/mypkg/mypkg.egg-info/SOURCES.txt'
[1.214s] writing manifest file 'build/mypkg/mypkg.egg-info/SOURCES.txt'
[1.214s] running build
[1.214s] running build_py
[1.214s] creating /home/ryu/ros2_ws/src/mypkg/build/mypkg/build
[1.214s] creating /home/ryu/ros2_ws/src/mypkg/build/mypkg/build/lib
[1.215s] creating /home/ryu/ros2_ws/src/mypkg/build/mypkg/build/lib/mypkg
[1.215s] copying mypkg/talker.py -> /home/ryu/ros2_ws/src/mypkg/build/mypkg/build/lib/mypkg
[1.215s] copying mypkg/__init__.py -> /home/ryu/ros2_ws/src/mypkg/build/mypkg/build/lib/mypkg
[1.215s] running install
[1.216s] running install_lib
[1.217s] creating /home/ryu/ros2_ws/src/mypkg/install/mypkg/lib/python3.8/site-packages/mypkg
[1.218s] copying /home/ryu/ros2_ws/src/mypkg/build/mypkg/build/lib/mypkg/talker.py -> /home/ryu/ros2_ws/src/mypkg/install/mypkg/lib/python3.8/site-packages/mypkg
[1.218s] copying /home/ryu/ros2_ws/src/mypkg/build/mypkg/build/lib/mypkg/__init__.py -> /home/ryu/ros2_ws/src/mypkg/install/mypkg/lib/python3.8/site-packages/mypkg
[1.218s] byte-compiling /home/ryu/ros2_ws/src/mypkg/install/mypkg/lib/python3.8/site-packages/mypkg/talker.py to talker.cpython-38.pyc
[1.220s] byte-compiling /home/ryu/ros2_ws/src/mypkg/install/mypkg/lib/python3.8/site-packages/mypkg/__init__.py to __init__.cpython-38.pyc
[1.220s] running install_data
[1.220s] creating /home/ryu/ros2_ws/src/mypkg/install/mypkg/share/ament_index
[1.221s] creating /home/ryu/ros2_ws/src/mypkg/install/mypkg/share/ament_index/resource_index
[1.221s] creating /home/ryu/ros2_ws/src/mypkg/install/mypkg/share/ament_index/resource_index/packages
[1.221s] copying resource/mypkg -> /home/ryu/ros2_ws/src/mypkg/install/mypkg/share/ament_index/resource_index/packages
[1.221s] copying package.xml -> /home/ryu/ros2_ws/src/mypkg/install/mypkg/share/mypkg
[1.222s] running install_egg_info
[1.223s] Copying build/mypkg/mypkg.egg-info to /home/ryu/ros2_ws/src/mypkg/install/mypkg/lib/python3.8/site-packages/mypkg-0.0.0-py3.8.egg-info
[1.225s] running install_scripts
[1.243s] Installing listener script to /home/ryu/ros2_ws/src/mypkg/install/mypkg/lib/mypkg
[1.245s] Installing talker script to /home/ryu/ros2_ws/src/mypkg/install/mypkg/lib/mypkg
[1.245s] writing list of installed files to '/home/ryu/ros2_ws/src/mypkg/build/mypkg/install.log'
[1.265s] Invoked command in '/home/ryu/ros2_ws/src/mypkg' returned '0': PYTHONPATH=/home/ryu/ros2_ws/src/mypkg/build/mypkg/prefix_override:/home/ryu/ros2_ws/src/mypkg/install/mypkg/lib/python3.8/site-packages:${PYTHONPATH} /usr/bin/python3 setup.py egg_info --egg-base build/mypkg build --build-base /home/ryu/ros2_ws/src/mypkg/build/mypkg/build install --record /home/ryu/ros2_ws/src/mypkg/build/mypkg/install.log --install-scripts $base/lib/mypkg --single-version-externally-managed
